2013/11/07 18:52:16 [error] [exception.CException] exception 'CException' with message 'CAssetManager.basePath "/Applications/XAMPP/xamppfiles/htdocs/xampp/yiitest/assets" is invalid. Please make sure the directory exists and is writable by the Web server process.' in /Applications/XAMPP/xamppfiles/htdocs/xampp/yiitest/framework/web/CAssetManager.php:138
Stack trace:
#0 /Applications/XAMPP/xamppfiles/htdocs/xampp/yiitest/framework/web/CAssetManager.php(123): CAssetManager->setBasePath('/Applications/X...')
#1 /Applications/XAMPP/xamppfiles/htdocs/xampp/yiitest/framework/web/CAssetManager.php(217): CAssetManager->getBasePath()
#2 /Applications/XAMPP/xamppfiles/htdocs/xampp/yiitest/framework/web/CClientScript.php(510): CAssetManager->publish('/Applications/X...')
#3 /Applications/XAMPP/xamppfiles/htdocs/xampp/yiitest/framework/web/CClientScript.php(547): CClientScript->getCoreScriptUrl()
#4 /Applications/XAMPP/xamppfiles/htdocs/xampp/yiitest/framework/web/CClientScript.php(348): CClientScript->getPackageBaseUrl('jquery')
#5 /Applications/XAMPP/xamppfiles/htdocs/xampp/yiitest/framework/web/CClientScript.php(208): CClientScript->renderCoreScripts()
#6 /Applications/XAMPP/xamppfiles/htdocs/xampp/yiitest/framework/web/CController.php(351): CClientScript->render('<!DOCTYPE html ...')
#7 /Applications/XAMPP/xamppfiles/htdocs/xampp/yiitest/framework/web/CController.php(788): CController->processOutput('<!DOCTYPE html ...')
#8 /Applications/XAMPP/xamppfiles/htdocs/xampp/yiitest/protected/controllers/SiteController.php(72): CController->render('contact', Array)
#9 /Applications/XAMPP/xamppfiles/htdocs/xampp/yiitest/framework/web/actions/CInlineAction.php(49): SiteController->actionContact()
#10 /Applications/XAMPP/xamppfiles/htdocs/xampp/yiitest/framework/web/CController.php(308): CInlineAction->runWithParams(Array)
#11 /Applications/XAMPP/xamppfiles/htdocs/xampp/yiitest/framework/web/CController.php(286): CController->runAction(Object(CInlineAction))
#12 /Applications/XAMPP/xamppfiles/htdocs/xampp/yiitest/framework/web/CController.php(265): CController->runActionWithFilters(Object(CInlineAction), Array)
#13 /Applications/XAMPP/xamppfiles/htdocs/xampp/yiitest/framework/web/CWebApplication.php(282): CController->run('contact')
#14 /Applications/XAMPP/xamppfiles/htdocs/xampp/yiitest/framework/web/CWebApplication.php(141): CWebApplication->runController('site/contact')
#15 /Applications/XAMPP/xamppfiles/htdocs/xampp/yiitest/framework/base/CApplication.php(180): CWebApplication->processRequest()
#16 /Applications/XAMPP/xamppfiles/htdocs/xampp/yiitest/index.php(13): CApplication->run()
#17 {main}
REQUEST_URI=/xampp/yiitest/index.php?r=site/contact
HTTP_REFERER=http://localhost/xampp/yiitest/index.php?r=site/page&view=about
---
2013/11/07 19:33:39 [error] [exception.CException] exception 'CException' with message 'CAssetManager.basePath "/Applications/XAMPP/xamppfiles/htdocs/xampp/yiitest/assets" is invalid. Please make sure the directory exists and is writable by the Web server process.' in /Applications/XAMPP/xamppfiles/htdocs/xampp/yiitest/framework/web/CAssetManager.php:138
Stack trace:
#0 /Applications/XAMPP/xamppfiles/htdocs/xampp/yiitest/framework/web/CAssetManager.php(123): CAssetManager->setBasePath('/Applications/X...')
#1 /Applications/XAMPP/xamppfiles/htdocs/xampp/yiitest/framework/web/CAssetManager.php(217): CAssetManager->getBasePath()
#2 /Applications/XAMPP/xamppfiles/htdocs/xampp/yiitest/protected/extensions/bootstrap/components/TbApi.php(218): CAssetManager->publish('/Applications/X...', false, -1, false)
#3 /Applications/XAMPP/xamppfiles/htdocs/xampp/yiitest/protected/extensions/bootstrap/components/TbApi.php(51): TbApi->getAssetsUrl()
#4 /Applications/XAMPP/xamppfiles/htdocs/xampp/yiitest/protected/extensions/bootstrap/components/TbApi.php(92): TbApi->registerCoreCss()
#5 /Applications/XAMPP/xamppfiles/htdocs/xampp/yiitest/protected/extensions/bootstrap/components/TbApi.php(137): TbApi->registerAllCss()
#6 /Applications/XAMPP/xamppfiles/htdocs/xampp/yiitest/protected/views/layouts/main.php(18): TbApi->register()
#7 /Applications/XAMPP/xamppfiles/htdocs/xampp/yiitest/framework/web/CBaseController.php(126): require('/Applications/X...')
#8 /Applications/XAMPP/xamppfiles/htdocs/xampp/yiitest/framework/web/CBaseController.php(95): CBaseController->renderInternal('/Applications/X...', Array, true)
#9 /Applications/XAMPP/xamppfiles/htdocs/xampp/yiitest/framework/web/widgets/CContentDecorator.php(76): CBaseController->renderFile('/Applications/X...', Array, true)
#10 /Applications/XAMPP/xamppfiles/htdocs/xampp/yiitest/framework/web/widgets/CContentDecorator.php(54): CContentDecorator->decorate('<div id="conten...')
#11 /Applications/XAMPP/xamppfiles/htdocs/xampp/yiitest/framework/web/widgets/COutputProcessor.php(44): CContentDecorator->processOutput('<div id="conten...')
#12 /Applications/XAMPP/xamppfiles/htdocs/xampp/yiitest/framework/web/CBaseController.php(206): COutputProcessor->run()
#13 /Applications/XAMPP/xamppfiles/htdocs/xampp/yiitest/framework/web/CBaseController.php(300): CBaseController->endWidget('CContentDecorat...')
#14 /Applications/XAMPP/xamppfiles/htdocs/xampp/yiitest/protected/views/layouts/column1.php(6): CBaseController->endContent()
#15 /Applications/XAMPP/xamppfiles/htdocs/xampp/yiitest/framework/web/CBaseController.php(126): require('/Applications/X...')
#16 /Applications/XAMPP/xamppfiles/htdocs/xampp/yiitest/framework/web/CBaseController.php(95): CBaseController->renderInternal('/Applications/X...', Array, true)
#17 /Applications/XAMPP/xamppfiles/htdocs/xampp/yiitest/framework/web/CController.php(784): CBaseController->renderFile('/Applications/X...', Array, true)
#18 /Applications/XAMPP/xamppfiles/htdocs/xampp/yiitest/protected/controllers/SiteController.php(32): CController->render('index')
#19 /Applications/XAMPP/xamppfiles/htdocs/xampp/yiitest/framework/web/actions/CInlineAction.php(49): SiteController->actionIndex()
#20 /Applications/XAMPP/xamppfiles/htdocs/xampp/yiitest/framework/web/CController.php(308): CInlineAction->runWithParams(Array)
#21 /Applications/XAMPP/xamppfiles/htdocs/xampp/yiitest/framework/web/CController.php(286): CController->runAction(Object(CInlineAction))
#22 /Applications/XAMPP/xamppfiles/htdocs/xampp/yiitest/framework/web/CController.php(265): CController->runActionWithFilters(Object(CInlineAction), Array)
#23 /Applications/XAMPP/xamppfiles/htdocs/xampp/yiitest/framework/web/CWebApplication.php(282): CController->run('')
#24 /Applications/XAMPP/xamppfiles/htdocs/xampp/yiitest/framework/web/CWebApplication.php(141): CWebApplication->runController('')
#25 /Applications/XAMPP/xamppfiles/htdocs/xampp/yiitest/framework/base/CApplication.php(180): CWebApplication->processRequest()
#26 /Applications/XAMPP/xamppfiles/htdocs/xampp/yiitest/index.php(13): CApplication->run()
#27 {main}
REQUEST_URI=/xampp/yiitest/
---
2013/11/07 19:39:24 [error] [php] Missing argument 2 for TbHtml::pageHeader(), called in /Applications/XAMPP/xamppfiles/htdocs/xampp/yiitest/protected/views/layouts/main.php on line 28 and defined (/Applications/XAMPP/xamppfiles/htdocs/xampp/yiitest/protected/extensions/bootstrap/helpers/TbHtml.php:3541)
Stack trace:
#0 /Applications/XAMPP/xamppfiles/htdocs/xampp/yiitest/framework/web/CBaseController.php(95): SiteController->renderInternal()
#1 /Applications/XAMPP/xamppfiles/htdocs/xampp/yiitest/framework/web/widgets/CContentDecorator.php(76): SiteController->renderFile()
#2 /Applications/XAMPP/xamppfiles/htdocs/xampp/yiitest/framework/web/widgets/CContentDecorator.php(54): CContentDecorator->decorate()
#3 /Applications/XAMPP/xamppfiles/htdocs/xampp/yiitest/framework/web/widgets/COutputProcessor.php(44): CContentDecorator->processOutput()
#4 /Applications/XAMPP/xamppfiles/htdocs/xampp/yiitest/framework/web/CBaseController.php(206): CContentDecorator->run()
#5 /Applications/XAMPP/xamppfiles/htdocs/xampp/yiitest/framework/web/CBaseController.php(300): SiteController->endWidget()
#6 /Applications/XAMPP/xamppfiles/htdocs/xampp/yiitest/protected/views/layouts/column1.php(6): SiteController->endContent()
#7 /Applications/XAMPP/xamppfiles/htdocs/xampp/yiitest/framework/web/CBaseController.php(126): require()
#8 /Applications/XAMPP/xamppfiles/htdocs/xampp/yiitest/framework/web/CBaseController.php(95): SiteController->renderInternal()
#9 /Applications/XAMPP/xamppfiles/htdocs/xampp/yiitest/framework/web/CController.php(784): SiteController->renderFile()
#10 /Applications/XAMPP/xamppfiles/htdocs/xampp/yiitest/protected/controllers/SiteController.php(32): SiteController->render()
#11 /Applications/XAMPP/xamppfiles/htdocs/xampp/yiitest/framework/web/actions/CInlineAction.php(49): SiteController->actionIndex()
#12 /Applications/XAMPP/xamppfiles/htdocs/xampp/yiitest/framework/web/CController.php(308): CInlineAction->runWithParams()
#13 /Applications/XAMPP/xamppfiles/htdocs/xampp/yiitest/framework/web/CController.php(286): SiteController->runAction()
#14 /Applications/XAMPP/xamppfiles/htdocs/xampp/yiitest/framework/web/CController.php(265): SiteController->runActionWithFilters()
#15 /Applications/XAMPP/xamppfiles/htdocs/xampp/yiitest/framework/web/CWebApplication.php(282): SiteController->run()
#16 /Applications/XAMPP/xamppfiles/htdocs/xampp/yiitest/framework/web/CWebApplication.php(141): CWebApplication->runController()
#17 /Applications/XAMPP/xamppfiles/htdocs/xampp/yiitest/framework/base/CApplication.php(180): CWebApplication->processRequest()
#18 /Applications/XAMPP/xamppfiles/htdocs/xampp/yiitest/index.php(13): CWebApplication->run()
REQUEST_URI=/xampp/yiitest/
in /Applications/XAMPP/xamppfiles/htdocs/xampp/yiitest/protected/extensions/bootstrap/helpers/TbHtml.php (3541)
in /Applications/XAMPP/xamppfiles/htdocs/xampp/yiitest/protected/views/layouts/main.php (28)
in /Applications/XAMPP/xamppfiles/htdocs/xampp/yiitest/protected/views/layouts/column1.php (6)
2013/11/07 19:46:54 [error] [php] Missing argument 2 for TbHtml::heroUnit(), called in /Applications/XAMPP/xamppfiles/htdocs/xampp/yiitest/protected/views/layouts/main.php on line 24 and defined (/Applications/XAMPP/xamppfiles/htdocs/xampp/yiitest/protected/extensions/bootstrap/helpers/TbHtml.php:3523)
Stack trace:
#0 /Applications/XAMPP/xamppfiles/htdocs/xampp/yiitest/framework/web/CBaseController.php(95): SiteController->renderInternal()
#1 /Applications/XAMPP/xamppfiles/htdocs/xampp/yiitest/framework/web/widgets/CContentDecorator.php(76): SiteController->renderFile()
#2 /Applications/XAMPP/xamppfiles/htdocs/xampp/yiitest/framework/web/widgets/CContentDecorator.php(54): CContentDecorator->decorate()
#3 /Applications/XAMPP/xamppfiles/htdocs/xampp/yiitest/framework/web/widgets/COutputProcessor.php(44): CContentDecorator->processOutput()
#4 /Applications/XAMPP/xamppfiles/htdocs/xampp/yiitest/framework/web/CBaseController.php(206): CContentDecorator->run()
#5 /Applications/XAMPP/xamppfiles/htdocs/xampp/yiitest/framework/web/CBaseController.php(300): SiteController->endWidget()
#6 /Applications/XAMPP/xamppfiles/htdocs/xampp/yiitest/protected/views/layouts/column1.php(6): SiteController->endContent()
#7 /Applications/XAMPP/xamppfiles/htdocs/xampp/yiitest/framework/web/CBaseController.php(126): require()
#8 /Applications/XAMPP/xamppfiles/htdocs/xampp/yiitest/framework/web/CBaseController.php(95): SiteController->renderInternal()
#9 /Applications/XAMPP/xamppfiles/htdocs/xampp/yiitest/framework/web/CController.php(784): SiteController->renderFile()
#10 /Applications/XAMPP/xamppfiles/htdocs/xampp/yiitest/protected/controllers/SiteController.php(32): SiteController->render()
#11 /Applications/XAMPP/xamppfiles/htdocs/xampp/yiitest/framework/web/actions/CInlineAction.php(49): SiteController->actionIndex()
#12 /Applications/XAMPP/xamppfiles/htdocs/xampp/yiitest/framework/web/CController.php(308): CInlineAction->runWithParams()
#13 /Applications/XAMPP/xamppfiles/htdocs/xampp/yiitest/framework/web/CController.php(286): SiteController->runAction()
#14 /Applications/XAMPP/xamppfiles/htdocs/xampp/yiitest/framework/web/CController.php(265): SiteController->runActionWithFilters()
#15 /Applications/XAMPP/xamppfiles/htdocs/xampp/yiitest/framework/web/CWebApplication.php(282): SiteController->run()
#16 /Applications/XAMPP/xamppfiles/htdocs/xampp/yiitest/framework/web/CWebApplication.php(141): CWebApplication->runController()
#17 /Applications/XAMPP/xamppfiles/htdocs/xampp/yiitest/framework/base/CApplication.php(180): CWebApplication->processRequest()
#18 /Applications/XAMPP/xamppfiles/htdocs/xampp/yiitest/index.php(13): CWebApplication->run()
REQUEST_URI=/xampp/yiitest/
in /Applications/XAMPP/xamppfiles/htdocs/xampp/yiitest/protected/extensions/bootstrap/helpers/TbHtml.php (3523)
in /Applications/XAMPP/xamppfiles/htdocs/xampp/yiitest/protected/views/layouts/main.php (24)
in /Applications/XAMPP/xamppfiles/htdocs/xampp/yiitest/protected/views/layouts/column1.php (6)
